0 info it worked if it ends with ok
1 verbose cli [ 'C:\\Program Files\\nodejs\\node.exe',
1 verbose cli   'C:\\Program Files\\nodejs\\node_modules\\npm\\bin\\npm-cli.js',
1 verbose cli   'install' ]
2 info using npm@2.14.4
3 info using node@v4.1.1
4 verbose readDependencies loading dependencies from C:\projects\nodespace\hikayadministration\package.json
5 verbose install where, deps [ 'C:\\projects\\nodespace\\hikayadministration',
5 verbose install   [ 'body-parser',
5 verbose install     'cookie-parser',
5 verbose install     'debug',
5 verbose install     'ejs',
5 verbose install     'express',
5 verbose install     'method-override',
5 verbose install     'mongoose',
5 verbose install     'morgan',
5 verbose install     'serve-favicon',
5 verbose install     'multer',
5 verbose install     'angular' ] ]
6 verbose install where, peers [ 'C:\\projects\\nodespace\\hikayadministration', [] ]
7 verbose installManyTop reading for lifecycle C:\projects\nodespace\hikayadministration\package.json
8 info preinstall stone-express-mongoose@0.0.0
9 verbose installManyTop reading scoped package data from C:\projects\nodespace\hikayadministration\node_modules\angular\package.json
10 verbose installManyTop reading scoped package data from C:\projects\nodespace\hikayadministration\node_modules\body-parser\package.json
11 verbose installManyTop reading scoped package data from C:\projects\nodespace\hikayadministration\node_modules\cookie-parser\package.json
12 verbose installManyTop reading scoped package data from C:\projects\nodespace\hikayadministration\node_modules\debug\package.json
13 verbose installManyTop reading scoped package data from C:\projects\nodespace\hikayadministration\node_modules\ejs\package.json
14 verbose installManyTop reading scoped package data from C:\projects\nodespace\hikayadministration\node_modules\express\package.json
15 verbose installManyTop reading scoped package data from C:\projects\nodespace\hikayadministration\node_modules\method-override\package.json
16 verbose installManyTop reading scoped package data from C:\projects\nodespace\hikayadministration\node_modules\mongoose\package.json
17 verbose installManyTop reading scoped package data from C:\projects\nodespace\hikayadministration\node_modules\morgan\package.json
18 verbose installManyTop reading scoped package data from C:\projects\nodespace\hikayadministration\node_modules\multer\package.json
19 verbose installManyTop reading scoped package data from C:\projects\nodespace\hikayadministration\node_modules\serve-favicon\package.json
20 verbose readDependencies loading dependencies from C:\projects\nodespace\hikayadministration\package.json
21 verbose targetResolver reading package data from C:\projects\nodespace\hikayadministration\node_modules\angular\package.json
22 verbose targetResolver reading package data from C:\projects\nodespace\hikayadministration\node_modules\body-parser\package.json
23 verbose targetResolver reading package data from C:\projects\nodespace\hikayadministration\node_modules\cookie-parser\package.json
24 verbose targetResolver reading package data from C:\projects\nodespace\hikayadministration\node_modules\debug\package.json
25 verbose targetResolver reading package data from C:\projects\nodespace\hikayadministration\node_modules\ejs\package.json
26 verbose targetResolver reading package data from C:\projects\nodespace\hikayadministration\node_modules\express\package.json
27 verbose targetResolver reading package data from C:\projects\nodespace\hikayadministration\node_modules\method-override\package.json
28 verbose targetResolver reading package data from C:\projects\nodespace\hikayadministration\node_modules\mongoose\package.json
29 verbose targetResolver reading package data from C:\projects\nodespace\hikayadministration\node_modules\morgan\package.json
30 verbose targetResolver reading package data from C:\projects\nodespace\hikayadministration\node_modules\multer\package.json
31 verbose targetResolver reading package data from C:\projects\nodespace\hikayadministration\node_modules\serve-favicon\package.json
32 verbose already installed skipping debug@~2.2.0 C:\projects\nodespace\hikayadministration
33 verbose already installed skipping ejs@~2.1.4 C:\projects\nodespace\hikayadministration
34 verbose already installed skipping express@~4.12.4 C:\projects\nodespace\hikayadministration
35 verbose already installed skipping method-override@^2.3.1 C:\projects\nodespace\hikayadministration
36 verbose already installed skipping mongoose@^4.0.0 C:\projects\nodespace\hikayadministration
37 verbose already installed skipping morgan@~1.5.3 C:\projects\nodespace\hikayadministration
38 verbose already installed skipping serve-favicon@~2.2.1 C:\projects\nodespace\hikayadministration
39 verbose already installed skipping multer@~0.1.6 C:\projects\nodespace\hikayadministration
40 verbose already installed skipping angular@~1.2.13 C:\projects\nodespace\hikayadministration
41 verbose already installed skipping body-parser@~1.12.4 C:\projects\nodespace\hikayadministration
42 verbose already installed skipping cookie-parser@~1.3.5 C:\projects\nodespace\hikayadministration
43 silly install resolved []
44 info build C:\projects\nodespace\hikayadministration
45 info linkStuff stone-express-mongoose@0.0.0
46 silly linkStuff stone-express-mongoose@0.0.0 has C:\projects\nodespace as its parent node_modules
47 verbose linkBins stone-express-mongoose@0.0.0
48 verbose linkMans stone-express-mongoose@0.0.0
49 verbose rebuildBundles stone-express-mongoose@0.0.0
50 verbose rebuildBundles [ 'angular',
50 verbose rebuildBundles   'body-parser',
50 verbose rebuildBundles   'cookie-parser',
50 verbose rebuildBundles   'debug',
50 verbose rebuildBundles   'ejs',
50 verbose rebuildBundles   'express',
50 verbose rebuildBundles   'method-override',
50 verbose rebuildBundles   'mongoose',
50 verbose rebuildBundles   'morgan',
50 verbose rebuildBundles   'multer',
50 verbose rebuildBundles   'serve-favicon' ]
51 info install stone-express-mongoose@0.0.0
52 info postinstall stone-express-mongoose@0.0.0
53 verbose unsafe-perm in lifecycle true
54 info stone-express-mongoose@0.0.0 Failed to exec postinstall script
55 verbose stack Error: stone-express-mongoose@0.0.0 postinstall: `bower install && grunt build`
55 verbose stack Exit status 1
55 verbose stack     at EventEmitter.<anonymous> (C:\Program Files\nodejs\node_modules\npm\lib\utils\lifecycle.js:214:16)
55 verbose stack     at emitTwo (events.js:87:13)
55 verbose stack     at EventEmitter.emit (events.js:172:7)
55 verbose stack     at ChildProcess.<anonymous> (C:\Program Files\nodejs\node_modules\npm\lib\utils\spawn.js:24:14)
55 verbose stack     at emitTwo (events.js:87:13)
55 verbose stack     at ChildProcess.emit (events.js:172:7)
55 verbose stack     at maybeClose (internal/child_process.js:817:16)
55 verbose stack     at Process.ChildProcess._handle.onexit (internal/child_process.js:211:5)
56 verbose pkgid stone-express-mongoose@0.0.0
57 verbose cwd C:\projects\nodespace\hikayadministration
58 error Windows_NT 6.1.7600
59 error argv "C:\\Program Files\\nodejs\\node.exe" "C:\\Program Files\\nodejs\\node_modules\\npm\\bin\\npm-cli.js" "install"
60 error node v4.1.1
61 error npm  v2.14.4
62 error code ELIFECYCLE
63 error stone-express-mongoose@0.0.0 postinstall: `bower install && grunt build`
63 error Exit status 1
64 error Failed at the stone-express-mongoose@0.0.0 postinstall script 'bower install && grunt build'.
64 error This is most likely a problem with the stone-express-mongoose package,
64 error not with npm itself.
64 error Tell the author that this fails on your system:
64 error     bower install && grunt build
64 error You can get their info via:
64 error     npm owner ls stone-express-mongoose
64 error There is likely additional logging output above.
65 verbose exit [ 1, true ]
